#
# There is insufficient memory for the Java Runtime Environment to continue.
# Native memory allocation (malloc) failed to allocate 1883568 bytes. Error detail: Chunk::new
# Possible reasons:
#   The system is out of physical RAM or swap space
#   This process is running with CompressedOops enabled, and the Java Heap may be blocking the growth of the native heap
# Possible solutions:
#   Reduce memory load on the system
#   Increase physical memory or swap space
#   Check if swap backing store is full
#   Decrease Java heap size (-Xmx/-Xms)
#   Decrease number of Java threads
#   Decrease Java thread stack sizes (-Xss)
#   Set larger code cache with -XX:ReservedCodeCacheSize=
#   JVM is running with Zero Based Compressed Oops mode in which the Java heap is
#     placed in the first 32GB address space. The Java Heap base address is the
#     maximum limit for the native heap growth. Please use -XX:HeapBaseMinAddress
#     to set the Java Heap base and to place the Java Heap above 32GB virtual address.
# This output file may be truncated or incomplete.
#
#  Out of Memory Error (arena.cpp:168), pid=22900, tid=8040
#
# JRE version: OpenJDK Runtime Environment Temurin-21.0.7+6 (21.0.7+6) (build 21.0.7+6-LTS)
# Java VM: OpenJDK 64-Bit Server VM Temurin-21.0.7+6 (21.0.7+6-LTS, mixed mode, sharing, tiered, compressed oops, compressed class ptrs, g1 gc, windows-amd64)
# No core dump will be written. Minidumps are not enabled by default on client versions of Windows
#

---------------  S U M M A R Y ------------

Command Line: -ea -Dfile.encoding=UTF-8 -Dstdout.encoding=UTF-8 -Dstderr.encoding=UTF-8 -XX:+ShowCodeDetailsInExceptionMessages org.testng.remote.RemoteTestNG -serport 62433 -protocol json -d C:\AutomationScripts\Auto\test-output C:\AutomationScripts\Auto\testng1.xml

Host: Intel(R) Core(TM) 5 210H, 12 cores, 15G,  Windows 11 , 64 bit Build 26100 (10.0.26100.6725)
Time: Tue Nov 11 15:16:51 2025 India Standard Time elapsed time: 3.516819 seconds (0d 0h 0m 3s)

---------------  T H R E A D  ---------------

Current thread (0x0000021cd80117f0):  JavaThread "C2 CompilerThread1" daemon [_thread_in_native, id=8040, stack(0x0000005c12700000,0x0000005c12800000) (1024K)]


Current CompileTask:
C2:3516 3030       4       org.apache.xmlbeans.impl.store.Xobj::getUser (145 bytes)

Stack: [0x0000005c12700000,0x0000005c12800000]
Native frames: (J=compiled Java code, j=interpreted, Vv=VM code, C=native code)
V  [jvm.dll+0x6ce119]
V  [jvm.dll+0x8a84a1]
V  [jvm.dll+0x8aa9ce]
V  [jvm.dll+0x8ab0b3]
V  [jvm.dll+0x27f8a6]
V  [jvm.dll+0xc507d]
V  [jvm.dll+0xc55b3]
V  [jvm.dll+0x3b692c]
V  [jvm.dll+0x382aa5]
V  [jvm.dll+0x381f0a]
V  [jvm.dll+0x247af0]
V  [jvm.dll+0x2470cf]
V  [jvm.dll+0x1c760e]
V  [jvm.dll+0x25695a]
V  [jvm.dll+0x254efa]
V  [jvm.dll+0x3f03f6]
V  [jvm.dll+0x851f6b]
V  [jvm.dll+0x6cc7dd]
C  [ucrtbase.dll+0x37b0]
C  [KERNEL32.DLL+0x2e8d7]
C  [ntdll.dll+0x8c53c]


---------------  P R O C E S S  ---------------

Threads class SMR info:
_java_thread_list=0x0000021cd960d830, length=17, elements={
0x0000021cf7a6b6b0, 0x0000021cfd3bb010, 0x0000021cfd3bbe10, 0x0000021cfd3be3b0,
0x0000021cfd3beea0, 0x0000021cfd3c4580, 0x0000021cfd3c89b0, 0x0000021cd8010090,
0x0000021cd80140d0, 0x0000021cd81487f0, 0x0000021cd8154ff0, 0x0000021cd80117f0,
0x0000021cd87430b0, 0x0000021cd901c4d0, 0x0000021cd901cb30, 0x0000021cd901d190,
0x0000021cd8012590
}

Java Threads: ( => current thread )
  0x0000021cf7a6b6b0 JavaThread "main"                              [_thread_blocked, id=4496, stack(0x0000005c11500000,0x0000005c11600000) (1024K)]
  0x0000021cfd3bb010 JavaThread "Reference Handler"          daemon [_thread_blocked, id=12856, stack(0x0000005c11d00000,0x0000005c11e00000) (1024K)]
  0x0000021cfd3bbe10 JavaThread "Finalizer"                  daemon [_thread_blocked, id=29064, stack(0x0000005c11e00000,0x0000005c11f00000) (1024K)]
  0x0000021cfd3be3b0 JavaThread "Signal Dispatcher"          daemon [_thread_blocked, id=27224, stack(0x0000005c11f00000,0x0000005c12000000) (1024K)]
  0x0000021cfd3beea0 JavaThread "Attach Listener"            daemon [_thread_blocked, id=12144, stack(0x0000005c12000000,0x0000005c12100000) (1024K)]
  0x0000021cfd3c4580 JavaThread "Service Thread"             daemon [_thread_blocked, id=11540, stack(0x0000005c12100000,0x0000005c12200000) (1024K)]
  0x0000021cfd3c89b0 JavaThread "Monitor Deflation Thread"   daemon [_thread_blocked, id=13152, stack(0x0000005c12200000,0x0000005c12300000) (1024K)]
  0x0000021cd8010090 JavaThread "C2 CompilerThread0"         daemon [_thread_in_native, id=23256, stack(0x0000005c12300000,0x0000005c12400000) (1024K)]
  0x0000021cd80140d0 JavaThread "C1 CompilerThread0"         daemon [_thread_in_vm, id=4108, stack(0x0000005c12400000,0x0000005c12500000) (1024K)]
  0x0000021cd81487f0 JavaThread "Notification Thread"        daemon [_thread_blocked, id=19328, stack(0x0000005c12500000,0x0000005c12600000) (1024K)]
  0x0000021cd8154ff0 JavaThread "Common-Cleaner"             daemon [_thread_blocked, id=20084, stack(0x0000005c12600000,0x0000005c12700000) (1024K)]
=>0x0000021cd80117f0 JavaThread "C2 CompilerThread1"         daemon [_thread_in_native, id=8040, stack(0x0000005c12700000,0x0000005c12800000) (1024K)]
  0x0000021cd87430b0 JavaThread "ReaderThread"                      [_thread_in_native, id=408, stack(0x0000005c12900000,0x0000005c12a00000) (1024K)]
  0x0000021cd901c4d0 JavaThread "TestNG-tests-1"                    [_thread_in_native, id=27812, stack(0x0000005c13000000,0x0000005c13100000) (1024K)]
  0x0000021cd901cb30 JavaThread "TestNG-tests-2"                    [_thread_blocked, id=1044, stack(0x0000005c13100000,0x0000005c13200000) (1024K)]
  0x0000021cd901d190 JavaThread "TestNG-tests-3"                    [_thread_blocked, id=28396, stack(0x0000005c13200000,0x0000005c13300000) (1024K)]
  0x0000021cd8012590 JavaThread "C2 CompilerThread2"         daemon [_thread_in_native, id=19544, stack(0x0000005c13600000,0x0000005c13700000) (1024K)]
Total: 17

Other Threads:
  0x0000021cfd3a0150 VMThread "VM Thread"                           [id=2808, stack(0x0000005c11c00000,0x0000005c11d00000) (1024K)]
  0x0000021cfd3868b0 WatcherThread "VM Periodic Task Thread"        [id=21088, stack(0x0000005c11b00000,0x0000005c11c00000) (1024K)]
  0x0000021cf7acdb00 WorkerThread "GC Thread#0"                     [id=13564, stack(0x0000005c11600000,0x0000005c11700000) (1024K)]
  0x0000021cd8fbb460 WorkerThread "GC Thread#1"                     [id=2584, stack(0x0000005c12a00000,0x0000005c12b00000) (1024K)]
  0x0000021cd8fbb800 WorkerThread "GC Thread#2"                     [id=4656, stack(0x0000005c12b00000,0x0000005c12c00000) (1024K)]
  0x0000021cd8fbbba0 WorkerThread "GC Thread#3"                     [id=25832, stack(0x0000005c12c00000,0x0000005c12d00000) (1024K)]
  0x0000021cd8fbbf40 WorkerThread "GC Thread#4"                     [id=6208, stack(0x0000005c12d00000,0x0000005c12e00000) (1024K)]
  0x0000021cd9069610 WorkerThread "GC Thread#5"                     [id=20476, stack(0x0000005c12e00000,0x0000005c12f00000) (1024K)]
  0x0000021cd91e0ef0 WorkerThread "GC Thread#6"                     [id=13828, stack(0x0000005c12f00000,0x0000005c13000000) (1024K)]
  0x0000021cd94bced0 WorkerThread "GC Thread#7"                     [id=21136, stack(0x0000005c13300000,0x0000005c13400000) (1024K)]
  0x0000021cd94bc790 WorkerThread "GC Thread#8"                     [id=27064, stack(0x0000005c13400000,0x0000005c13500000) (1024K)]
  0x0000021cd94bd270 WorkerThread "GC Thread#9"                     [id=27576, stack(0x0000005c13500000,0x0000005c13600000) (1024K)]
  0x0000021cf7b1cb80 ConcurrentGCThread "G1 Main Marker"            [id=16564, stack(0x0000005c11700000,0x0000005c11800000) (1024K)]
  0x0000021cf7b1ebe0 WorkerThread "G1 Conc#0"                       [id=22848, stack(0x0000005c11800000,0x0000005c11900000) (1024K)]
  0x0000021cd94bdd50 WorkerThread "G1 Conc#1"                       [id=20324, stack(0x0000005c13700000,0x0000005c13800000) (1024K)]
  0x0000021cd94bcb30 WorkerThread "G1 Conc#2"                       [id=11472, stack(0x0000005c13800000,0x0000005c13900000) (1024K)]
  0x0000021cfd258e00 ConcurrentGCThread "G1 Refine#0"               [id=23340, stack(0x0000005c11900000,0x0000005c11a00000) (1024K)]
  0x0000021cfd25b240 ConcurrentGCThread "G1 Service"                [id=22468, stack(0x0000005c11a00000,0x0000005c11b00000) (1024K)]
Total: 18

Threads with active compile tasks:
C2 CompilerThread0  3561 3181       4       java.lang.ThreadLocal$ThreadLocalMap::getEntry (42 bytes)
C1 CompilerThread0  3561 3172       3       java.util.regex.Pattern::newCharProperty (39 bytes)
C2 CompilerThread1  3561 3030       4       org.apache.xmlbeans.impl.store.Xobj::getUser (145 bytes)
C2 CompilerThread2  3561 3173   !   4       org.apache.xmlbeans.impl.values.XmlObjectBase::check_dated (270 bytes)
Total: 4

VM state: not at safepoint (normal execution)

VM Mutex/Monitor currently owned by a thread: None

Heap address: 0x0000000707200000, size: 3982 MB, Compressed Oops mode: Zero based, Oop shift amount: 3

CDS archive(s) mapped at: [0x0000021c93000000-0x0000021c93c80000-0x0000021c93c80000), size 13107200, SharedBaseAddress: 0x0000021c93000000, ArchiveRelocationMode: 1.
Compressed class space mapped at: 0x0000021c94000000-0x0000021cd4000000, reserved size: 1073741824
Narrow klass base: 0x0000021c93000000, Narrow klass shift: 0, Narrow klass range: 0x100000000

GC Precious Log:
 CardTable entry size: 512
 Card Set container configuration: InlinePtr #cards 4 size 8 Array Of Cards #cards 16 size 48 Howl #buckets 8 coarsen threshold 3686 Howl Bitmap #cards 512 size 80 coarsen threshold 460 Card regions per heap region 1 cards per card region 4096
 CPUs: 12 total, 12 available
 Memory: 15926M
 Large Page Support: Disabled
 NUMA Support: Disabled
 Compressed Oops: Enabled (Zero based)
 Heap Region Size: 2M
 Heap Min Capacity: 8M
 Heap Initial Capacity: 250M
 Heap Max Capacity: 3982M
 Pre-touch: Disabled
 Parallel Workers: 10
 Concurrent Workers: 3
 Concurrent Refinement Workers: 10
 Periodic GC: Disabled

Heap:
 garbage-first heap   total 55296K, used 27101K [0x0000000707200000, 0x0000000800000000)
  region size 2048K, 11 young (22528K), 4 survivors (8192K)
 Metaspace       used 21800K, committed 22208K, reserved 1114112K
  class space    used 2562K, committed 2752K, reserved 1048576K

Heap Regions: E=young(eden), S=young(survivor), O=old, HS=humongous(starts), HC=humongous(continues), CS=collection set, F=free, TAMS=top-at-mark-start, PB=parsable bottom
|   0|0x0000000707200000, 0x0000000707400000, 0x0000000707400000|100%| O|  |TAMS 0x0000000707200000| PB 0x0000000707200000| Untracked 
|   1|0x0000000707400000, 0x0000000707600000, 0x0000000707600000|100%| O|  |TAMS 0x0000000707400000| PB 0x0000000707400000| Untracked 
|   2|0x0000000707600000, 0x0000000707800000, 0x0000000707800000|100%| O|  |TAMS 0x0000000707600000| PB 0x0000000707600000| Untracked 
|   3|0x0000000707800000, 0x0000000707944750, 0x0000000707a00000| 63%| O|Cm|TAMS 0x0000000707800000| PB 0x0000000707800000| Complete 
|   4|0x0000000707a00000, 0x0000000707a00000, 0x0000000707c00000|  0%| F|  |TAMS 0x0000000707a00000| PB 0x0000000707a00000| Untracked 
|   5|0x0000000707c00000, 0x0000000707c00000, 0x0000000707e00000|  0%| F|  |TAMS 0x0000000707c00000| PB 0x0000000707c00000| Untracked 
|   6|0x0000000707e00000, 0x0000000707e00000, 0x0000000708000000|  0%| F|  |TAMS 0x0000000707e00000| PB 0x0000000707e00000| Untracked 
|   7|0x0000000708000000, 0x0000000708000000, 0x0000000708200000|  0%| F|  |TAMS 0x0000000708000000| PB 0x0000000708000000| Untracked 
|   8|0x0000000708200000, 0x0000000708200000, 0x0000000708400000|  0%| F|  |TAMS 0x0000000708200000| PB 0x0000000708200000| Untracked 
|   9|0x0000000708400000, 0x0000000708400000, 0x0000000708600000|  0%| F|  |TAMS 0x0000000708400000| PB 0x0000000708400000| Untracked 
|  10|0x0000000708600000, 0x0000000708600000, 0x0000000708800000|  0%| F|  |TAMS 0x0000000708600000| PB 0x0000000708600000| Untracked 
|  11|0x0000000708800000, 0x0000000708800000, 0x0000000708a00000|  0%| F|  |TAMS 0x0000000708800000| PB 0x0000000708800000| Untracked 
|  12|0x0000000708a00000, 0x0000000708a00000, 0x0000000708c00000|  0%| F|  |TAMS 0x0000000708a00000| PB 0x0000000708a00000| Untracked 
|  13|0x0000000708c00000, 0x0000000708c00000, 0x0000000708e00000|  0%| F|  |TAMS 0x0000000708c00000| PB 0x0000000708c00000| Untracked 
|  14|0x0000000708e00000, 0x0000000708e00000, 0x0000000709000000|  0%| F|  |TAMS 0x0000000708e00000| PB 0x0000000708e00000| Untracked 
|  15|0x0000000709000000, 0x0000000709000000, 0x0000000709200000|  0%| F|  |TAMS 0x0000000709000000| PB 0x0000000709000000| Untracked 
|  16|0x0000000709200000, 0x0000000709377e10, 0x0000000709400000| 73%| E|  |TAMS 0x0000000709200000| PB 0x0000000709200000| Complete 
|  17|0x0000000709400000, 0x0000000709600000, 0x0000000709600000|100%| E|CS|TAMS 0x0000000709400000| PB 0x0000000709400000| Complete 
|  18|0x0000000709600000, 0x0000000709800000, 0x0000000709800000|100%| E|CS|TAMS 0x0000000709600000| PB 0x0000000709600000| Complete 
|  19|0x0000000709800000, 0x0000000709a00000, 0x0000000709a00000|100%| E|CS|TAMS 0x0000000709800000| PB 0x0000000709800000| Complete 
|  20|0x0000000709a00000, 0x0000000709c00000, 0x0000000709c00000|100%| E|CS|TAMS 0x0000000709a00000| PB 0x0000000709a00000| Complete 
|  21|0x0000000709c00000, 0x0000000709e00000, 0x0000000709e00000|100%| E|CS|TAMS 0x0000000709c00000| PB 0x0000000709c00000| Complete 
|  78|0x0000000710e00000, 0x0000000710f32e80, 0x0000000711000000| 59%| S|CS|TAMS 0x0000000710e00000| PB 0x0000000710e00000| Complete 
|  79|0x0000000711000000, 0x0000000711200000, 0x0000000711200000|100%| S|CS|TAMS 0x0000000711000000| PB 0x0000000711000000| Complete 
|  80|0x0000000711200000, 0x0000000711400000, 0x0000000711400000|100%| S|CS|TAMS 0x0000000711200000| PB 0x0000000711200000| Complete 
|  81|0x0000000711400000, 0x0000000711600000, 0x0000000711600000|100%| S|CS|TAMS 0x0000000711400000| PB 0x0000000711400000| Complete 
| 124|0x0000000716a00000, 0x0000000716c00000, 0x0000000716c00000|100%| E|CS|TAMS 0x0000000716a00000| PB 0x0000000716a00000| Complete 

Card table byte_map: [0x0000021cfc970000,0x0000021cfd140000] _byte_map_base: 0x0000021cf9137000

Marking Bits: (CMBitMap*) 0x0000021cf7ace110
 Bits: [0x0000021c8f000000, 0x0000021c92e38000)

Polling page: 0x0000021cf6240000

Metaspace:

Usage:
  Non-class:     18.79 MB used.
      Class:      2.50 MB used.
       Both:     21.29 MB used.

Virtual space:
  Non-class space:       64.00 MB reserved,      19.06 MB ( 30%) committed,  1 nodes.
      Class space:        1.00 GB reserved,       2.69 MB ( <1%) committed,  1 nodes.
             Both:        1.06 GB reserved,      21.75 MB (  2%) committed. 

Chunk freelists:
   Non-Class:  12.30 MB
       Class:  13.28 MB
        Both:  25.58 MB

MaxMetaspaceSize: unlimited
CompressedClassSpaceSize: 1.00 GB
Initial GC threshold: 21.00 MB
Current GC threshold: 35.12 MB
CDS: on
 - commit_granule_bytes: 65536.
 - commit_granule_words: 8192.
 - virtual_space_node_default_size: 8388608.
 - enlarge_chunks_in_place: 1.
 - use_allocation_guard: 0.


Internal statistics:

num_allocs_failed_limit: 3.
num_arena_births: 536.
num_arena_deaths: 0.
num_vsnodes_births: 2.
num_vsnodes_deaths: 0.
num_space_committed: 348.
num_space_uncommitted: 0.
num_chunks_returned_to_freelist: 3.
num_chunks_taken_from_freelist: 1281.
num_chunk_merges: 3.
num_chunk_splits: 829.
num_chunks_enlarged: 540.
num_inconsistent_stats: 0.

CodeHeap 'non-profiled nmethods': size=120000Kb used=1493Kb max_used=1493Kb free=118506Kb
 bounds [0x0000021c87ad0000, 0x0000021c87d40000, 0x0000021c8f000000]
CodeHeap 'profiled nmethods': size=120000Kb used=6250Kb max_used=6250Kb free=113750Kb
 bounds [0x0000021c80000000, 0x0000021c80620000, 0x0000021c87530000]
CodeHeap 'non-nmethods': size=5760Kb used=1537Kb max_used=1563Kb free=4222Kb
 bounds [0x0000021c87530000, 0x0000021c877a0000, 0x0000021c87ad0000]
 total_blobs=3800 nmethods=3196 adapters=508
 compilation: enabled
              stopped_count=0, restarted_count=0
 full_count=0

Compilation events (20 events):
Event: 2.502 Thread 0x0000021cd8012590 3179       4       java.lang.ThreadLocal$ThreadLocalMap::set (133 bytes)
Event: 2.502 Thread 0x0000021cd80140d0 nmethod 3177 0x0000021c805fc690 code [0x0000021c805fc880, 0x0000021c805fcd08]
Event: 2.502 Thread 0x0000021cd80140d0 3187   !   3       org.openxmlformats.schemas.spreadsheetml.x2006.main.impl.CTCellImpl::getT (75 bytes)
Event: 2.503 Thread 0x0000021cd80140d0 nmethod 3187 0x0000021c805fce90 code [0x0000021c805fd160, 0x0000021c805fe1d0]
Event: 2.503 Thread 0x0000021cd80140d0 3188       3       org.apache.xmlbeans.impl.values.JavaStringEnumerationHolderEx::getEnumValue (9 bytes)
Event: 2.503 Thread 0x0000021cd80140d0 nmethod 3188 0x0000021c805fe890 code [0x0000021c805fea40, 0x0000021c805feb90]
Event: 2.503 Thread 0x0000021cd80140d0 3190   !   3       org.openxmlformats.schemas.spreadsheetml.x2006.main.impl.CTRowImpl::getR (53 bytes)
Event: 2.504 Thread 0x0000021cd80140d0 nmethod 3190 0x0000021c805fec10 code [0x0000021c805feec0, 0x0000021c805ffc28]
Event: 2.504 Thread 0x0000021cd80140d0 3178       3       org.apache.poi.xssf.usermodel.XSSFRow::getCell (6 bytes)
Event: 2.504 Thread 0x0000021cd80140d0 nmethod 3178 0x0000021c80600290 code [0x0000021c80600460, 0x0000021c80600828]
Event: 2.504 Thread 0x0000021cd80140d0 3182       3       org.apache.poi.xssf.usermodel.XSSFRow::getCell (16 bytes)
Event: 2.505 Thread 0x0000021cd80140d0 nmethod 3182 0x0000021c80600990 code [0x0000021c80600b60, 0x0000021c80600ec8]
Event: 2.505 Thread 0x0000021cd80140d0 3183       3       org.apache.poi.xssf.usermodel.XSSFRow::getCell (152 bytes)
Event: 2.505 Thread 0x0000021cd80140d0 nmethod 3183 0x0000021c80601010 code [0x0000021c80601340, 0x0000021c80602450]
Event: 2.506 Thread 0x0000021cd80140d0 3197       3       org.apache.poi.xssf.usermodel.XSSFCell::getCellType (17 bytes)
Event: 2.506 Thread 0x0000021cd80140d0 nmethod 3197 0x0000021c80602a90 code [0x0000021c80602c60, 0x0000021c80602e48]
Event: 2.506 Thread 0x0000021cd80140d0 3184       3       org.apache.poi.ss.usermodel.DataFormatter::formatCellValue (7 bytes)
Event: 2.506 Thread 0x0000021cd80140d0 nmethod 3184 0x0000021c80602f10 code [0x0000021c806030c0, 0x0000021c80603278]
Event: 2.506 Thread 0x0000021cd80140d0 3199   !   3       org.openxmlformats.schemas.spreadsheetml.x2006.main.impl.CTCellImpl::isSetF (41 bytes)
Event: 2.507 Thread 0x0000021cd80140d0 nmethod 3199 0x0000021c80603390 code [0x0000021c80603600, 0x0000021c80604130]

GC Heap History (6 events):
Event: 0.494 GC heap before
{Heap before GC invocations=0 (full 0):
 garbage-first heap   total 256000K, used 22528K [0x0000000707200000, 0x0000000800000000)
  region size 2048K, 11 young (22528K), 0 survivors (0K)
 Metaspace       used 6999K, committed 7232K, reserved 1114112K
  class space    used 773K, committed 896K, reserved 1048576K
}
Event: 0.499 GC heap after
{Heap after GC invocations=1 (full 0):
 garbage-first heap   total 256000K, used 7561K [0x0000000707200000, 0x0000000800000000)
  region size 2048K, 2 young (4096K), 2 survivors (4096K)
 Metaspace       used 6999K, committed 7232K, reserved 1114112K
  class space    used 773K, committed 896K, reserved 1048576K
}
Event: 0.833 GC heap before
{Heap before GC invocations=1 (full 0):
 garbage-first heap   total 256000K, used 32137K [0x0000000707200000, 0x0000000800000000)
  region size 2048K, 15 young (30720K), 2 survivors (4096K)
 Metaspace       used 13048K, committed 13440K, reserved 1114112K
  class space    used 1502K, committed 1664K, reserved 1048576K
}
Event: 0.837 GC heap after
{Heap after GC invocations=2 (full 0):
 garbage-first heap   total 256000K, used 10183K [0x0000000707200000, 0x0000000800000000)
  region size 2048K, 2 young (4096K), 2 survivors (4096K)
 Metaspace       used 13048K, committed 13440K, reserved 1114112K
  class space    used 1502K, committed 1664K, reserved 1048576K
}
Event: 1.366 GC heap before
{Heap before GC invocations=2 (full 0):
 garbage-first heap   total 256000K, used 90055K [0x0000000707200000, 0x0000000800000000)
  region size 2048K, 43 young (88064K), 2 survivors (4096K)
 Metaspace       used 21092K, committed 21504K, reserved 1114112K
  class space    used 2467K, committed 2688K, reserved 1048576K
}
Event: 1.369 GC heap after
{Heap after GC invocations=3 (full 0):
 garbage-first heap   total 256000K, used 14813K [0x0000000707200000, 0x0000000800000000)
  region size 2048K, 4 young (8192K), 4 survivors (8192K)
 Metaspace       used 21092K, committed 21504K, reserved 1114112K
  class space    used 2467K, committed 2688K, reserved 1048576K
}

Dll operation events (9 events):
Event: 0.007 Loaded shared library C:\Users\LENOVO\.p2\pool\plugins\org.eclipse.justj.openjdk.hotspot.jre.full.win32.x86_64_21.0.7.v20250502-0916\jre\bin\java.dll
Event: 0.026 Loaded shared library C:\Users\LENOVO\.p2\pool\plugins\org.eclipse.justj.openjdk.hotspot.jre.full.win32.x86_64_21.0.7.v20250502-0916\jre\bin\zip.dll
Event: 0.067 Loaded shared library C:\Users\LENOVO\.p2\pool\plugins\org.eclipse.justj.openjdk.hotspot.jre.full.win32.x86_64_21.0.7.v20250502-0916\jre\bin\net.dll
Event: 0.068 Loaded shared library C:\Users\LENOVO\.p2\pool\plugins\org.eclipse.justj.openjdk.hotspot.jre.full.win32.x86_64_21.0.7.v20250502-0916\jre\bin\nio.dll
Event: 0.071 Loaded shared library C:\Users\LENOVO\.p2\pool\plugins\org.eclipse.justj.openjdk.hotspot.jre.full.win32.x86_64_21.0.7.v20250502-0916\jre\bin\zip.dll
Event: 0.136 Loaded shared library C:\Users\LENOVO\.p2\pool\plugins\org.eclipse.justj.openjdk.hotspot.jre.full.win32.x86_64_21.0.7.v20250502-0916\jre\bin\jimage.dll
Event: 0.241 Loaded shared library C:\Users\LENOVO\.p2\pool\plugins\org.eclipse.justj.openjdk.hotspot.jre.full.win32.x86_64_21.0.7.v20250502-0916\jre\bin\extnet.dll
Event: 0.780 Loaded shared library C:\Users\LENOVO\.p2\pool\plugins\org.eclipse.justj.openjdk.hotspot.jre.full.win32.x86_64_21.0.7.v20250502-0916\jre\bin\management.dll
Event: 0.781 Loaded shared library C:\Users\LENOVO\.p2\pool\plugins\org.eclipse.justj.openjdk.hotspot.jre.full.win32.x86_64_21.0.7.v20250502-0916\jre\bin\management_ext.dll

Deoptimization events (20 events):
Event: 2.409 Thread 0x0000021cd901c4d0 Uncommon trap: trap_request=0xffffffde fr.pc=0x0000021c87c02abc relative=0x000000000000017c
Event: 2.409 Thread 0x0000021cd901c4d0 Uncommon trap: reason=class_check action=maybe_recompile pc=0x0000021c87c02abc method=org.apache.xmlbeans.impl.store.CharUtil.isValid(Ljava/lang/Object;II)Z @ 64 c2
Event: 2.409 Thread 0x0000021cd901cb30 Uncommon trap: trap_request=0xffffffde fr.pc=0x0000021c87c02abc relative=0x000000000000017c
Event: 2.409 Thread 0x0000021cd901cb30 Uncommon trap: reason=class_check action=maybe_recompile pc=0x0000021c87c02abc method=org.apache.xmlbeans.impl.store.CharUtil.isValid(Ljava/lang/Object;II)Z @ 64 c2
Event: 2.410 Thread 0x0000021cd901c4d0 DEOPT PACKING pc=0x0000021c87c02abc sp=0x0000005c130fce30
Event: 2.410 Thread 0x0000021cd901c4d0 DEOPT UNPACKING pc=0x0000021c875846a2 sp=0x0000005c130fcdb0 mode 2
Event: 2.410 Thread 0x0000021cd901cb30 DEOPT PACKING pc=0x0000021c87c02abc sp=0x0000005c131fd2c0
Event: 2.410 Thread 0x0000021cd901cb30 DEOPT UNPACKING pc=0x0000021c875846a2 sp=0x0000005c131fd240 mode 2
Event: 2.420 Thread 0x0000021cd901cb30 Uncommon trap: trap_request=0xffffffde fr.pc=0x0000021c87c02abc relative=0x000000000000017c
Event: 2.420 Thread 0x0000021cd901cb30 Uncommon trap: reason=class_check action=maybe_recompile pc=0x0000021c87c02abc method=org.apache.xmlbeans.impl.store.CharUtil.isValid(Ljava/lang/Object;II)Z @ 64 c2
Event: 2.420 Thread 0x0000021cd901cb30 DEOPT PACKING pc=0x0000021c87c02abc sp=0x0000005c131fda10
Event: 2.420 Thread 0x0000021cd901cb30 DEOPT UNPACKING pc=0x0000021c875846a2 sp=0x0000005c131fd990 mode 2
Event: 2.422 Thread 0x0000021cd901c4d0 Uncommon trap: trap_request=0xffffffde fr.pc=0x0000021c87c02abc relative=0x000000000000017c
Event: 2.422 Thread 0x0000021cd901c4d0 Uncommon trap: reason=class_check action=maybe_recompile pc=0x0000021c87c02abc method=org.apache.xmlbeans.impl.store.CharUtil.isValid(Ljava/lang/Object;II)Z @ 64 c2
Event: 2.422 Thread 0x0000021cd901c4d0 DEOPT PACKING pc=0x0000021c87c02abc sp=0x0000005c130fd580
Event: 2.422 Thread 0x0000021cd901c4d0 DEOPT UNPACKING pc=0x0000021c875846a2 sp=0x0000005c130fd500 mode 2
Event: 2.473 Thread 0x0000021cd901c4d0 Uncommon trap: trap_request=0xffffff45 fr.pc=0x0000021c87c08984 relative=0x0000000000000064
Event: 2.473 Thread 0x0000021cd901c4d0 Uncommon trap: reason=unstable_if action=reinterpret pc=0x0000021c87c08984 method=java.lang.Enum.hashCode()I @ 6 c2
Event: 2.473 Thread 0x0000021cd901c4d0 DEOPT PACKING pc=0x0000021c87c08984 sp=0x0000005c130fc970
Event: 2.473 Thread 0x0000021cd901c4d0 DEOPT UNPACKING pc=0x0000021c875846a2 sp=0x0000005c130fc900 mode 2

Classes loaded (20 events):
Event: 2.497 Loading class java/io/ObjectInput
Event: 2.497 Loading class java/io/ObjectInput done
Event: 2.497 Loading class java/io/ObjectStreamConstants
Event: 2.497 Loading class java/io/ObjectStreamConstants done
Event: 2.497 Loading class java/io/ObjectInputStream done
Event: 2.497 Loading class java/io/ObjectOutputStream
Event: 2.498 Loading class java/io/ObjectOutput
Event: 2.498 Loading class java/io/ObjectOutput done
Event: 2.498 Loading class java/io/ObjectOutputStream done
Event: 2.499 Loading class java/math/BigDecimal$StringBuilderHelper
Event: 2.499 Loading class java/math/BigDecimal$StringBuilderHelper done
Event: 2.500 Loading class java/util/concurrent/ConcurrentHashMap$EntrySpliterator
Event: 2.500 Loading class java/util/concurrent/ConcurrentHashMap$EntrySpliterator done
Event: 2.504 Loading class java/beans/IntrospectionException
Event: 2.504 Loading class java/beans/IntrospectionException done
Event: 2.506 Loading class java/util/stream/DistinctOps
Event: 2.506 Loading class java/util/stream/DistinctOps done
Event: 2.506 Loading class java/util/stream/DistinctOps$1
Event: 2.506 Loading class java/util/stream/DistinctOps$1 done
Event: 2.507 Loading class java/util/stream/DistinctOps$1$2

Classes unloaded (0 events):
No events

Classes redefined (0 events):
No events

Internal exceptions (20 events):
Event: 0.923 Thread 0x0000021cd901cb30 Exception <a 'java/lang/NoSuchMethodError'{0x00000007167e3810}: 'void java.lang.invoke.DirectMethodHandle$Holder.invokeStaticInit(java.lang.Object, java.lang.Object)'> (0x00000007167e3810) 
thrown [s\src\hotspot\share\interpreter\linkResolver.cpp, line 773]
Event: 0.923 Thread 0x0000021cd901cb30 Exception <a 'java/lang/NoSuchMethodError'{0x00000007167ec100}: 'void java.lang.invoke.DirectMethodHandle$Holder.invokeStatic(java.lang.Object, int)'> (0x00000007167ec100) 
thrown [s\src\hotspot\share\interpreter\linkResolver.cpp, line 773]
Event: 0.924 Thread 0x0000021cd901cb30 Exception <a 'java/lang/NoSuchMethodError'{0x00000007167ef5a8}: 'void java.lang.invoke.DirectMethodHandle$Holder.invokeStaticInit(java.lang.Object, int)'> (0x00000007167ef5a8) 
thrown [s\src\hotspot\share\interpreter\linkResolver.cpp, line 773]
Event: 0.952 Thread 0x0000021cd901c4d0 Exception <a 'java/lang/NoSuchMethodError'{0x00000007164bd3b0}: 'long java.lang.invoke.DirectMethodHandle$Holder.invokeVirtual(java.lang.Object, java.lang.Object)'> (0x00000007164bd3b0) 
thrown [s\src\hotspot\share\interpreter\linkResolver.cpp, line 773]
Event: 0.969 Thread 0x0000021cd901c4d0 Exception <a 'java/lang/NoSuchMethodError'{0x00000007162522a8}: 'void java.lang.invoke.DirectMethodHandle$Holder.invokeVirtual(java.lang.Object, java.lang.Object, java.lang.Object, int)'> (0x00000007162522a8) 
thrown [s\src\hotspot\share\interpreter\linkResolver.cpp, line 773]
Event: 0.970 Thread 0x0000021cd901c4d0 Exception <a 'java/lang/NoSuchMethodError'{0x000000071627f758}: 'void java.lang.invoke.DirectMethodHandle$Holder.invokeVirtual(java.lang.Object, java.lang.Object, java.lang.Object, java.lang.Object)'> (0x000000071627f758) 
thrown [s\src\hotspot\share\interpreter\linkResolver.cpp, line 773]
Event: 0.974 Thread 0x0000021cd901c4d0 Exception <a 'java/lang/NoSuchMethodError'{0x00000007162aeae0}: 'void java.lang.invoke.DirectMethodHandle$Holder.invokeStatic(java.lang.Object, java.lang.Object, java.lang.Object, int)'> (0x00000007162aeae0) 
thrown [s\src\hotspot\share\interpreter\linkResolver.cpp, line 773]
Event: 0.975 Thread 0x0000021cd901c4d0 Exception <a 'java/lang/NoSuchMethodError'{0x00000007162b1fc0}: 'void java.lang.invoke.DirectMethodHandle$Holder.invokeStaticInit(java.lang.Object, java.lang.Object, java.lang.Object, int)'> (0x00000007162b1fc0) 
thrown [s\src\hotspot\share\interpreter\linkResolver.cpp, line 773]
Event: 0.989 Thread 0x0000021cd901c4d0 Exception <a 'java/lang/NoSuchMethodError'{0x00000007163914a0}: 'void java.lang.invoke.DirectMethodHandle$Holder.invokeInterface(java.lang.Object, java.lang.Object, java.lang.Object)'> (0x00000007163914a0) 
thrown [s\src\hotspot\share\interpreter\linkResolver.cpp, line 773]
Event: 0.989 Thread 0x0000021cd901cb30 Exception <a 'java/lang/NoSuchMethodError'{0x00000007163bcde0}: 'void java.lang.invoke.DirectMethodHandle$Holder.invokeInterface(java.lang.Object, java.lang.Object, java.lang.Object)'> (0x00000007163bcde0) 
thrown [s\src\hotspot\share\interpreter\linkResolver.cpp, line 773]
Event: 1.034 Thread 0x0000021cd901c4d0 Exception <a 'java/lang/NoSuchMethodError'{0x0000000715f3ddb8}: 'java.lang.Object java.lang.invoke.DirectMethodHandle$Holder.invokeStatic(java.lang.Object, java.lang.Object, int, int)'> (0x0000000715f3ddb8) 
thrown [s\src\hotspot\share\interpreter\linkResolver.cpp, line 773]
Event: 1.034 Thread 0x0000021cd901c4d0 Exception <a 'java/lang/NoSuchMethodError'{0x0000000715f467a0}: 'java.lang.Object java.lang.invoke.DirectMethodHandle$Holder.invokeStaticInit(java.lang.Object, java.lang.Object, int, int)'> (0x0000000715f467a0) 
thrown [s\src\hotspot\share\interpreter\linkResolver.cpp, line 773]
Event: 1.093 Thread 0x0000021cd901c4d0 Implicit null exception at 0x0000021c87b602e6 to 0x0000021c87b6038a
Event: 1.118 Thread 0x0000021cd901c4d0 Exception <a 'java/lang/NoSuchMethodError'{0x0000000715748e50}: 'java.lang.Object java.lang.invoke.DirectMethodHandle$Holder.newInvokeSpecial(java.lang.Object, java.lang.Object, int, java.lang.Object)'> (0x0000000715748e50) 
thrown [s\src\hotspot\share\interpreter\linkResolver.cpp, line 773]
Event: 1.120 Thread 0x0000021cd901c4d0 Exception <a 'java/lang/NoSuchMethodError'{0x0000000715786010}: 'void java.lang.invoke.DirectMethodHandle$Holder.invokeSpecial(java.lang.Object, java.lang.Object, java.lang.Object, java.lang.Object, java.lang.Object)'> (0x0000000715786010) 
thrown [s\src\hotspot\share\interpreter\linkResolver.cpp, line 773]
Event: 1.122 Thread 0x0000021cd901c4d0 Exception <a 'java/lang/NoSuchMethodError'{0x00000007157a4098}: 'void java.lang.invoke.DirectMethodHandle$Holder.invokeVirtual(java.lang.Object, java.lang.Object)'> (0x00000007157a4098) 
thrown [s\src\hotspot\share\interpreter\linkResolver.cpp, line 773]
Event: 1.329 Thread 0x0000021cd901c4d0 Exception <a 'java/lang/NoSuchMethodError'{0x00000007118518e0}: 'java.lang.Object java.lang.invoke.DirectMethodHandle$Holder.invokeVirtual(java.lang.Object, java.lang.Object, int)'> (0x00000007118518e0) 
thrown [s\src\hotspot\share\interpreter\linkResolver.cpp, line 773]
Event: 1.329 Thread 0x0000021cd901cb30 Exception <a 'java/lang/NoSuchMethodError'{0x00000007118a2050}: 'java.lang.Object java.lang.invoke.DirectMethodHandle$Holder.invokeVirtual(java.lang.Object, java.lang.Object, int)'> (0x00000007118a2050) 
thrown [s\src\hotspot\share\interpreter\linkResolver.cpp, line 773]
Event: 2.500 Thread 0x0000021cd901cb30 Exception <a 'java/lang/IncompatibleClassChangeError'{0x0000000709215040}: Found class java.lang.Object, but interface was expected> (0x0000000709215040) 
thrown [s\src\hotspot\share\interpreter\linkResolver.cpp, line 840]
Event: 2.500 Thread 0x0000021cd901cb30 Exception <a 'java/lang/NoSuchMethodError'{0x00000007092179e8}: 'int java.lang.invoke.DirectMethodHandle$Holder.invokeSpecial(java.lang.Object, java.lang.Object, java.lang.Object, java.lang.Object, java.lang.Object)'> (0x00000007092179e8) 
thrown [s\src\hotspot\share\interpreter\linkResolver.cpp, line 773]

ZGC Phase Switch (0 events):
No events

VM Operations (20 events):
Event: 0.684 Executing VM operation: ICBufferFull done
Event: 0.833 Executing VM operation: G1CollectForAllocation (G1 Evacuation Pause)
Event: 0.837 Executing VM operation: G1CollectForAllocation (G1 Evacuation Pause) done
Event: 0.885 Executing VM operation: HandshakeAllThreads (Deoptimize)
Event: 0.885 Executing VM operation: HandshakeAllThreads (Deoptimize) done
Event: 1.116 Executing VM operation: HandshakeAllThreads (Deoptimize)
Event: 1.116 Executing VM operation: HandshakeAllThreads (Deoptimize) done
Event: 1.241 Executing VM operation: ICBufferFull
Event: 1.241 Executing VM operation: ICBufferFull done
Event: 1.241 Executing VM operation: ICBufferFull
Event: 1.241 Executing VM operation: ICBufferFull done
Event: 1.366 Executing VM operation: CollectForMetadataAllocation (Metadata GC Threshold)
Event: 1.369 Executing VM operation: CollectForMetadataAllocation (Metadata GC Threshold) done
Event: 1.372 Executing VM operation: G1PauseRemark
Event: 1.373 Executing VM operation: G1PauseRemark done
Event: 1.374 Executing VM operation: G1PauseCleanup
Event: 1.375 Executing VM operation: G1PauseCleanup done
Event: 2.390 Executing VM operation: Cleanup
Event: 2.390 Executing VM operation: Cleanup done
Event: 3.402 Executing VM operation: Cleanup

Memory protections (0 events):
No events

Nmethod flushes (0 events):
No events

Events (17 events):
Event: 0.017 Thread 0x0000021cf7a6b6b0 Thread added: 0x0000021cf7a6b6b0
Event: 0.027 Thread 0x0000021cf7a6b6b0 Thread added: 0x0000021cfd3bb010
Event: 0.027 Thread 0x0000021cf7a6b6b0 Thread added: 0x0000021cfd3bbe10
Event: 0.027 Thread 0x0000021cf7a6b6b0 Thread added: 0x0000021cfd3be3b0
Event: 0.027 Thread 0x0000021cf7a6b6b0 Thread added: 0x0000021cfd3beea0
Event: 0.027 Thread 0x0000021cf7a6b6b0 Thread added: 0x0000021cfd3c4580
Event: 0.027 Thread 0x0000021cf7a6b6b0 Thread added: 0x0000021cfd3c89b0
Event: 0.028 Thread 0x0000021cf7a6b6b0 Thread added: 0x0000021cd8010090
Event: 0.028 Thread 0x0000021cf7a6b6b0 Thread added: 0x0000021cd80140d0
Event: 0.063 Thread 0x0000021cf7a6b6b0 Thread added: 0x0000021cd81487f0
Event: 0.065 Thread 0x0000021cf7a6b6b0 Thread added: 0x0000021cd8154ff0
Event: 0.128 Thread 0x0000021cd80140d0 Thread added: 0x0000021cd80117f0
Event: 0.245 Thread 0x0000021cf7a6b6b0 Thread added: 0x0000021cd87430b0
Event: 0.564 Thread 0x0000021cf7a6b6b0 Thread added: 0x0000021cd901c4d0
Event: 0.564 Thread 0x0000021cf7a6b6b0 Thread added: 0x0000021cd901cb30
Event: 0.564 Thread 0x0000021cf7a6b6b0 Thread added: 0x0000021cd901d190
Event: 0.991 Thread 0x0000021cd80140d0 Thread added: 0x0000021cd8012590


Dynamic libraries:
0x00007ff6d8c70000 - 0x00007ff6d8c7e000 	C:\Users\LENOVO\.p2\pool\plugins\org.eclipse.justj.openjdk.hotspot.jre.full.win32.x86_64_21.0.7.v20250502-0916\jre\bin\javaw.exe
0x00007ffab0fc0000 - 0x00007ffab1228000 	C:\WINDOWS\SYSTEM32\ntdll.dll
0x00007ffaaefb0000 - 0x00007ffaaf079000 	C:\WINDOWS\System32\KERNEL32.DLL
0x00007ffaae990000 - 0x00007ffaaed82000 	C:\WINDOWS\System32\KERNELBASE.dll
0x00007ffaae6f0000 - 0x00007ffaae83b000 	C:\WINDOWS\System32\ucrtbase.dll
0x00007ffaa7e10000 - 0x00007ffaa7e28000 	C:\Users\LENOVO\.p2\pool\plugins\org.eclipse.justj.openjdk.hotspot.jre.full.win32.x86_64_21.0.7.v20250502-0916\jre\bin\jli.dll
0x00007ffab0150000 - 0x00007ffab0315000 	C:\WINDOWS\System32\USER32.dll
0x00007ffaae280000 - 0x00007ffaae2a7000 	C:\WINDOWS\System32\win32u.dll
0x00007ffaa3f70000 - 0x00007ffaa3f8e000 	C:\Users\LENOVO\.p2\pool\plugins\org.eclipse.justj.openjdk.hotspot.jre.full.win32.x86_64_21.0.7.v20250502-0916\jre\bin\VCRUNTIME140.dll
0x00007ffab0320000 - 0x00007ffab034b000 	C:\WINDOWS\System32\GDI32.dll
0x00007ffaae150000 - 0x00007ffaae27d000 	C:\WINDOWS\System32\gdi32full.dll
0x00007ffa8e7b0000 - 0x00007ffa8ea43000 	C:\WINDOWS\WinSxS\amd64_microsoft.windows.common-controls_6595b64144ccf1df_6.0.26100.6899_none_3e0efeeae32e88c1\COMCTL32.dll
0x00007ffaae840000 - 0x00007ffaae8e3000 	C:\WINDOWS\System32\msvcp_win.dll
0x00007ffab0e50000 - 0x00007ffab0ef9000 	C:\WINDOWS\System32\msvcrt.dll
0x00007ffaaee40000 - 0x00007ffaaee6f000 	C:\WINDOWS\System32\IMM32.DLL
0x00007ffaa7de0000 - 0x00007ffaa7dec000 	C:\Users\LENOVO\.p2\pool\plugins\org.eclipse.justj.openjdk.hotspot.jre.full.win32.x86_64_21.0.7.v20250502-0916\jre\bin\vcruntime140_1.dll
0x00007ffa5b510000 - 0x00007ffa5b59d000 	C:\Users\LENOVO\.p2\pool\plugins\org.eclipse.justj.openjdk.hotspot.jre.full.win32.x86_64_21.0.7.v20250502-0916\jre\bin\msvcp140.dll
0x00007ffa165f0000 - 0x00007ffa17380000 	C:\Users\LENOVO\.p2\pool\plugins\org.eclipse.justj.openjdk.hotspot.jre.full.win32.x86_64_21.0.7.v20250502-0916\jre\bin\server\jvm.dll
0x00007ffab0490000 - 0x00007ffab0544000 	C:\WINDOWS\System32\ADVAPI32.dll
0x00007ffab03d0000 - 0x00007ffab0476000 	C:\WINDOWS\System32\sechost.dll
0x00007ffaaf220000 - 0x00007ffaaf338000 	C:\WINDOWS\System32\RPCRT4.dll
0x00007ffab0f00000 - 0x00007ffab0f74000 	C:\WINDOWS\System32\WS2_32.dll
0x00007ffaa4de0000 - 0x00007ffaa4e15000 	C:\WINDOWS\SYSTEM32\WINMM.dll
0x00007ffaadfb0000 - 0x00007ffaae00e000 	C:\WINDOWS\SYSTEM32\POWRPROF.dll
0x00007ffaa46c0000 - 0x00007ffaa46cb000 	C:\WINDOWS\SYSTEM32\VERSION.dll
0x00007ffaadf90000 - 0x00007ffaadfa4000 	C:\WINDOWS\SYSTEM32\UMPDC.dll
0x00007ffaacee0000 - 0x00007ffaacefb000 	C:\WINDOWS\SYSTEM32\kernel.appcore.dll
0x00007ffa82ea0000 - 0x00007ffa82eaa000 	C:\Users\LENOVO\.p2\pool\plugins\org.eclipse.justj.openjdk.hotspot.jre.full.win32.x86_64_21.0.7.v20250502-0916\jre\bin\jimage.dll
0x00007ffaab800000 - 0x00007ffaaba42000 	C:\WINDOWS\SYSTEM32\DBGHELP.DLL
0x00007ffaaf990000 - 0x00007ffaafd0b000 	C:\WINDOWS\System32\combase.dll
0x00007ffab0070000 - 0x00007ffab0147000 	C:\WINDOWS\System32\OLEAUT32.dll
0x00007ffa7fab0000 - 0x00007ffa7faec000 	C:\WINDOWS\SYSTEM32\dbgcore.DLL
0x00007ffaae8f0000 - 0x00007ffaae988000 	C:\WINDOWS\System32\bcryptPrimitives.dll
0x00007ffa71690000 - 0x00007ffa716af000 	C:\Users\LENOVO\.p2\pool\plugins\org.eclipse.justj.openjdk.hotspot.jre.full.win32.x86_64_21.0.7.v20250502-0916\jre\bin\java.dll
0x00007ffab0610000 - 0x00007ffab0d5d000 	C:\WINDOWS\System32\SHELL32.dll
0x00007ffaae580000 - 0x00007ffaae6eb000 	C:\WINDOWS\System32\wintypes.dll
0x00007ffaabd20000 - 0x00007ffaac57d000 	C:\WINDOWS\SYSTEM32\windows.storage.dll
0x00007ffaaeeb0000 - 0x00007ffaaefa2000 	C:\WINDOWS\System32\SHCORE.dll
0x00007ffaaf920000 - 0x00007ffaaf982000 	C:\WINDOWS\System32\shlwapi.dll
0x00007ffaae070000 - 0x00007ffaae099000 	C:\WINDOWS\SYSTEM32\profapi.dll
0x00007ffa5afe0000 - 0x00007ffa5aff8000 	C:\Users\LENOVO\.p2\pool\plugins\org.eclipse.justj.openjdk.hotspot.jre.full.win32.x86_64_21.0.7.v20250502-0916\jre\bin\zip.dll
0x00007ffa81f70000 - 0x00007ffa81f80000 	C:\Users\LENOVO\.p2\pool\plugins\org.eclipse.justj.openjdk.hotspot.jre.full.win32.x86_64_21.0.7.v20250502-0916\jre\bin\net.dll
0x00007ffaaa4f0000 - 0x00007ffaaa60f000 	C:\WINDOWS\SYSTEM32\WINHTTP.dll
0x00007ffaad430000 - 0x00007ffaad49b000 	C:\WINDOWS\system32\mswsock.dll
0x00007ffa59300000 - 0x00007ffa59316000 	C:\Users\LENOVO\.p2\pool\plugins\org.eclipse.justj.openjdk.hotspot.jre.full.win32.x86_64_21.0.7.v20250502-0916\jre\bin\nio.dll
0x00007ffaaca30000 - 0x00007ffaacb56000 	C:\WINDOWS\SYSTEM32\DNSAPI.dll
0x00007ffaac9f0000 - 0x00007ffaaca24000 	C:\WINDOWS\SYSTEM32\IPHLPAPI.DLL
0x00007ffab0480000 - 0x00007ffab048a000 	C:\WINDOWS\System32\NSI.dll
0x00007ffaa7b40000 - 0x00007ffaa7b4b000 	C:\Windows\System32\rasadhlp.dll
0x00007ffaaab00000 - 0x00007ffaaab86000 	C:\WINDOWS\System32\fwpuclnt.dll
0x00007ffaa4c60000 - 0x00007ffaa4c69000 	C:\Users\LENOVO\.p2\pool\plugins\org.eclipse.justj.openjdk.hotspot.jre.full.win32.x86_64_21.0.7.v20250502-0916\jre\bin\extnet.dll
0x00007ffaad810000 - 0x00007ffaad82b000 	C:\WINDOWS\SYSTEM32\CRYPTSP.dll
0x00007ffaace40000 - 0x00007ffaace7b000 	C:\WINDOWS\system32\rsaenh.dll
0x00007ffaad4d0000 - 0x00007ffaad4fb000 	C:\WINDOWS\SYSTEM32\USERENV.dll
0x00007ffaae040000 - 0x00007ffaae066000 	C:\WINDOWS\SYSTEM32\bcrypt.dll
0x00007ffaad670000 - 0x00007ffaad67c000 	C:\WINDOWS\SYSTEM32\CRYPTBASE.dll
0x00007ffa82e80000 - 0x00007ffa82e98000 	C:\WINDOWS\system32\napinsp.dll
0x00007ffa82e60000 - 0x00007ffa82e72000 	C:\WINDOWS\System32\winrnr.dll
0x00007ffa82cd0000 - 0x00007ffa82cf8000 	C:\WINDOWS\system32\nlansp_c.dll
0x00007ffa82cb0000 - 0x00007ffa82cc6000 	C:\WINDOWS\system32\wshbth.dll
0x00007ffaa4bb0000 - 0x00007ffaa4bba000 	C:\Users\LENOVO\.p2\pool\plugins\org.eclipse.justj.openjdk.hotspot.jre.full.win32.x86_64_21.0.7.v20250502-0916\jre\bin\management.dll
0x00007ffaa49c0000 - 0x00007ffaa49cb000 	C:\Users\LENOVO\.p2\pool\plugins\org.eclipse.justj.openjdk.hotspot.jre.full.win32.x86_64_21.0.7.v20250502-0916\jre\bin\management_ext.dll
0x00007ffab0060000 - 0x00007ffab0068000 	C:\WINDOWS\System32\PSAPI.DLL

dbghelp: loaded successfully - version: 4.0.5 - missing functions: none
symbol engine: initialized successfully - sym options: 0x614 - pdb path: .;C:\Users\LENOVO\.p2\pool\plugins\org.eclipse.justj.openjdk.hotspot.jre.full.win32.x86_64_21.0.7.v20250502-0916\jre\bin;C:\WINDOWS\SYSTEM32;C:\WINDOWS\WinSxS\amd64_microsoft.windows.common-controls_6595b64144ccf1df_6.0.26100.6899_none_3e0efeeae32e88c1;C:\Users\LENOVO\.p2\pool\plugins\org.eclipse.justj.openjdk.hotspot.jre.full.win32.x86_64_21.0.7.v20250502-0916\jre\bin\server

VM Arguments:
jvm_args: -ea -Dfile.encoding=UTF-8 -Dstdout.encoding=UTF-8 -Dstderr.encoding=UTF-8 -XX:+ShowCodeDetailsInExceptionMessages 
java_command: org.testng.remote.RemoteTestNG -serport 62433 -protocol json -d C:\AutomationScripts\Auto\test-output C:\AutomationScripts\Auto\testng1.xml
java_class_path (initial): C:\Users\LENOVO\eclipse\java-2025-06\eclipse\configuration\org.eclipse.osgi\525\0\.cp\lib\testng-remote.jar;C:\AutomationScripts\Auto\target\test-classes;C:\AutomationScripts\Auto\target\classes;C:\Users\LENOVO\.p2\pool\plugins\org.testng_7.11.0.r202503091654.jar;C:\Users\LENOVO\.p2\pool\plugins\com.beust.jcommander_1.83.0.jar;C:\Users\LENOVO\.p2\pool\plugins\slf4j.api_2.0.17.jar;C:\Users\LENOVO\.p2\pool\plugins\org.yaml.snakeyaml_2.2.0.jar;C:\Users\LENOVO\.p2\pool\plugins\org.webjars.jquery_3.7.1.jar;C:\Users\LENOVO\.m2\repository\org\seleniumhq\selenium\selenium-java\4.29.0\selenium-java-4.29.0.jar;C:\Users\LENOVO\.m2\repository\org\seleniumhq\selenium\selenium-api\4.29.0\selenium-api-4.29.0.jar;C:\Users\LENOVO\.m2\repository\org\jspecify\jspecify\1.0.0\jspecify-1.0.0.jar;C:\Users\LENOVO\.m2\repository\org\seleniumhq\selenium\selenium-chrome-driver\4.29.0\selenium-chrome-driver-4.29.0.jar;C:\Users\LENOVO\.m2\repository\com\google\auto\service\auto-service-annotations\1.1.1\auto-service-annotations-1.1.1.jar;C:\Users\LENOVO\.m2\repository\org\seleniumhq\selenium\selenium-chromium-driver\4.29.0\selenium-chromium-driver-4.29.0.jar;C:\Users\LENOVO\.m2\repository\org\seleniumhq\selenium\selenium-json\4.29.0\selenium-json-4.29.0.jar;C:\Users\LENOVO\.m2\repository\org\seleniumhq\selenium\selenium-manager\4.29.0\selenium-manager-4.29.0.jar;C:\Users\LENOVO\.m2\repository\org\seleniumhq\selenium\selenium-devtools-v131\4.29.0\selenium-devtools-v131-4.29.0.jar;C:\Users\LENOVO\.m2\repository\org\seleniumhq\selenium\selenium-devtools-v132\4.29.0\selenium-devtools-v132-4.29.0.jar;C:\Users\LENOVO\.m2\repository\org\seleniumhq\selenium\selenium-devtools-v133\4.29.0\selenium-devtools-v133-4.29.0.jar;C:\Users\LENOVO\.m2\repository\org\seleniumhq\selenium\selenium-devtools-v85\4.29.0\selenium-devtools-v85-4.29.0.jar;C:\Users\LENOVO\.m2\repository\org\seleniumhq\selenium\selenium-edge-driver\4.29.0\selenium-edge-driver-4.29.0.jar;C:\Users\LENOVO\.m2\repository\org\seleniumhq\selenium\selenium-firefox-driver\4.29.0\selenium-firefox-driver-4.29.0.jar;C:\Users\LENOVO\.m2\repository\org\seleniumhq\selenium\selenium-http\4.29.0\selenium-http-4.29.0.jar;C:\Users\LENOVO\.m2\repository\org\seleniumhq\selenium\selenium-ie-driver\4.29.0\selenium-ie-driver-4.29.0.jar;C:\Users\LENOVO\.m2\repository\org\seleniumhq\selenium\selenium-remote-driver\4.29.0\selenium-remote-driver-4.29.0.jar;C:\Users\LENOVO\.m2\repository\com\google\guava\guava\33.4.0-jre\guava-33.4.0-jre.jar;C:\Users\LENOVO\.m2\repository\com\google\guava\failureaccess\1.0.2\failureaccess-1.0.2.jar;C:\Users\LENOVO\.m2\repository\com\google\guava\listenablefuture\9999.0-empty-to-avoid-conflict-with-guava\listenablefuture-9999.0-empty-to-avoid-conflict-with-guava.jar;C:\Users\LENOVO\.m2\repository\com\google\code\findbugs\jsr305\3.0.2\jsr305-3.0.2.jar;C:\Users\LENOVO\.m2\repository\org\checkerframework\checker-qual\3.43.0\checker-qual-3.43.0.jar;C:\Users\LENOVO\.m2\repository\com\google\j2objc\j2objc-annotations\3.0.0\j2objc-annotations-3.0.0.jar;C:\Users\LENOVO\.m2\repository\io\opentelemetry\semconv\opentelemetry-semconv\1.28.0-alpha\opentelemetry-semconv-1.28.0-alpha.jar;C:\Users\LENOVO\.m2\repository\io\opentelemetry\opentelemetry-api\1.46.0\opentelemetry-api-1.46.0.jar;C:\Users\LENOVO\.m2\repository\io\opentelemetry\opentelemetry-context\1.46.0\opentelemetry-context-1.46.0.jar;C:\Users\LENOVO\.m2\repository\io\opentelemetry\opentelemetry-exporter-logging\1.46.0\opentelemetry-exporter-logging-1.46.0.jar;C:\Users\LENOVO\.m2\repository\io\opentelemetry\opentelemetry-sdk-common\1.46.0\opentelemetry-sdk-common-1.46.0.jar;C:\Users\LENOVO\.m2\repository\io\opentelemetry\opentelemetry-sdk-extension-autoconfigure-spi\1.46.0\opentelemetry-sdk-extension-autoconfigure-spi-1.46.0.jar;C:\Users\LENOVO\.m2\repository\io\opentelemetry\opentelemetry-sdk-extension-autoconfigure\1.46.0\opentelemetry-sdk-extension-autoconfigure-1.46.0.jar;C:\Users\LENOVO\.m2\repository\io\opentelemetry\opentelemetry-api-incubator\1.46.0-alpha\opentelemetry-api-incubator-1.46.0-alpha.jar;C:\Users\LENOVO\.m2\repository\io\opentelemetry\opentelemetry-sdk-trace\1.46.0\opentelemetry-sdk-trace-1.46.0.jar;C:\Users\LENOVO\.m2\repository\io\opentelemetry\opentelemetry-sdk\1.46.0\opentelemetry-sdk-1.46.0.jar;C:\Users\LENOVO\.m2\repository\io\opentelemetry\opentelemetry-sdk-metrics\1.46.0\opentelemetry-sdk-metrics-1.46.0.jar;C:\Users\LENOVO\.m2\repository\io\opentelemetry\opentelemetry-sdk-logs\1.46.0\opentelemetry-sdk-logs-1.46.0.jar;C:\Users\LENOVO\.m2\repository\net\bytebuddy\byte-buddy\1.15.11\byte-buddy-1.15.11.jar;C:\Users\LENOVO\.m2\repository\org\seleniumhq\selenium\selenium-os\4.29.0\selenium-os-4.29.0.jar;C:\Users\LENOVO\.m2\repository\org\apache\commons\commons-exec\1.4.0\commons-exec-1.4.0.jar;C:\Users\LENOVO\.m2\repository\org\seleniumhq\selenium\selenium-safari-driver\4.29.0\selenium-safari-driver-4.29.0.jar;C:\Users\LENOVO\.m2\repository\org\seleniumhq\selenium\selenium-support\4.29.0\selenium-support-4.29.0.jar;C:\Users\LENOVO\.m2\repository\io\github\bonigarcia\webdrivermanager\5.9.2\webdrivermanager-5.9.2.jar;C:\Users\LENOVO\.m2\repository\org\slf4j\slf4j-api\2.0.13\slf4j-api-2.0.13.jar;C:\Users\LENOVO\.m2\repository\com\google\code\gson\gson\2.11.0\gson-2.11.0.jar;C:\Users\LENOVO\.m2\repository\com\google\errorprone\error_prone_annotations\2.27.0\error_prone_annotations-2.27.0.jar;C:\Users\LENOVO\.m2\repository\com\github\docker-java\docker-java\3.4.0\docker-java-3.4.0.jar;C:\Users\LENOVO\.m2\repository\com\github\docker-java\docker-java-core\3.4.0\docker-java-core-3.4.0.jar;C:\Users\LENOVO\.m2\repository\com\github\docker-java\docker-java-api\3.4.0\docker-java-api-3.4.0.jar;C:\Users\LENOVO\.m2\repository\com\fasterxml\jackson\core\jackson-annotations\2.10.3\jackson-annotations-2.10.3.jar;C:\Users\LENOVO\.m2\repository\com\fasterxml\jackson\core\jackson-databind\2.10.3\jackson-databind-2.10.3.jar;C:\Users\LENOVO\.m2\repository\com\fasterxml\jackson\core\jackson-core\2.10.3\jackson-core-2.10.3.jar;C:\Users\LENOVO\.m2\repository\org\slf4j\jcl-over-slf4j\1.7.30\jcl-over-slf4j-1.7.30.jar;C:\Users\LENOVO\.m2\repository\com\github\docker-java\docker-java-transport-httpclient5\3.4.0\docker-java-transport-httpclient5-3.4.0.jar;C:\Users\LENOVO\.m2\repository\com\github\docker-java\docker-java-transport\3.4.0\docker-java-transport-3.4.0.jar;C:\Users\LENOVO\.m2\repository\net\java\dev\jna\jna\5.13.0\jna-5.13.0.jar;C:\Users\LENOVO\.m2\repository\org\brotli\dec\0.1.2\dec-0.1.2.jar;C:\Users\LENOVO\.m2\repository\org\apache\commons\commons-lang3\3.15.0\commons-lang3-3.15.0.jar;C:\Users\LENOVO\.m2\repository\org\apache\commons\commons-compress\1.26.2\commons-compress-1.26.2.jar;C:\Users\LENOVO\.m2\repository\org\apache\httpcomponents\client5\httpclient5\5.2.1\httpclient5-5.2.1.jar;C:\Users\LENOVO\.m2\repository\org\apache\httpcomponents\core5\httpcore5\5.2\httpcore5-5.2.jar;C:\Users\LENOVO\.m2\repository\org\apache\httpcomponents\core5\httpcore5-h2\5.2\httpcore5-h2-5.2.jar;C:\Users\LENOVO\.m2\repository\org\testng\testng\7.11.0\testng-7.11.0.jar;C:\Users\LENOVO\.m2\repository\org\jcommander\jcommander\1.83\jcommander-1.83.jar;C:\Users\LENOVO\.m2\repository\org\webjars\jquery\3.7.1\jquery-3.7.1.jar;C:\Users\LENOVO\.m2\repository\org\apache\poi\poi\5.4.0\poi-5.4.0.jar;C:\Users\LENOVO\.m2\repository\commons-codec\commons-codec\1.17.1\commons-codec-1.17.1.jar;C:\Users\LENOVO\.m2\repository\org\apache\commons\commons-collections4\4.4\commons-collections4-4.4.jar;C:\Users\LENOVO\.m2\repository\org\apache\commons\commons-math3\3.6.1\commons-math3-3.6.1.jar;C:\Users\LENOVO\.m2\repository\commons-io\commons-io\2.18.0\commons-io-2.18.0.jar;C:\Users\LENOVO\.m2\repository\com\zaxxer\SparseBitSet\1.3\SparseBitSet-1.3.jar;C:\Users\LENOVO\.m2\repository\org\apache\logging\log4j\log4j-api\2.24.3\log4j-api-2.24.3.jar;C:\Users\LENOVO\.m2\repository\org\apache\poi\poi-ooxml\5.4.0\poi-ooxml-5.4.0.jar;C:\Users\LENOVO\.m2\repository\org\apache\poi\poi-ooxml-lite\5.4.0\poi-ooxml-lite-5.4.0.jar;C:\Users\LENOVO\.m2\repository\org\apache\xmlbeans\xmlbeans\5.3.0\xmlbeans-5.3.0.jar;C:\Users\LENOVO\.m2\repository\com\github\virtuald\curvesapi\1.08\curvesapi-1.08.jar;C:\Users\LENOVO\.m2\repository\com\aventstack\extentreports\5.1.1\extentreports-5.1.1.jar;C:\Users\LENOVO\.m2\repository\io\reactivex\rxjava3\rxjava\3.1.6\rxjava-3.1.6.jar;C:\Users\LENOVO\.m2\repository\org\reactivestreams\reactive-streams\1.0.4\reactive-streams-1.0.4.jar;C:\Users\LENOVO\.m2\repository\org\freemarker\freemarker\2.3.32\freemarker-2.3.32.jar;C:\Users\LENOVO\.m2\repository\org\projectlombok\lombok\1.18.26\lombok-1.18.26.jar;C:\Users\LENOVO\.m2\repository\org\apache\logging\log4j\log4j-core\2.24.3\log4j-core-2.24.3.jar;C:\Users\LENOVO\.m2\repository\log4j\log4j\1.2.17\log4j-1.2.17.jar
Launcher Type: SUN_STANDARD

[Global flags]
     intx CICompilerCount                          = 4                                         {product} {ergonomic}
     uint ConcGCThreads                            = 3                                         {product} {ergonomic}
     uint G1ConcRefinementThreads                  = 10                                        {product} {ergonomic}
   size_t G1HeapRegionSize                         = 2097152                                   {product} {ergonomic}
    uintx GCDrainStackTargetSize                   = 64                                        {product} {ergonomic}
   size_t InitialHeapSize                          = 262144000                                 {product} {ergonomic}
   size_t MarkStackSize                            = 4194304                                   {product} {ergonomic}
   size_t MaxHeapSize                              = 4175429632                                {product} {ergonomic}
   size_t MaxNewSize                               = 2503999488                                {product} {ergonomic}
   size_t MinHeapDeltaBytes                        = 2097152                                   {product} {ergonomic}
   size_t MinHeapSize                              = 8388608                                   {product} {ergonomic}
    uintx NonNMethodCodeHeapSize                   = 5839372                                {pd product} {ergonomic}
    uintx NonProfiledCodeHeapSize                  = 122909434                              {pd product} {ergonomic}
    uintx ProfiledCodeHeapSize                     = 122909434                              {pd product} {ergonomic}
    uintx ReservedCodeCacheSize                    = 251658240                              {pd product} {ergonomic}
     bool SegmentedCodeCache                       = true                                      {product} {ergonomic}
     bool ShowCodeDetailsInExceptionMessages       = true                                   {manageable} {command line}
   size_t SoftMaxHeapSize                          = 4175429632                             {manageable} {ergonomic}
     bool UseCompressedOops                        = true                           {product lp64_product} {ergonomic}
     bool UseG1GC                                  = true                                      {product} {ergonomic}
     bool UseLargePagesIndividualAllocation        = false                                  {pd product} {ergonomic}

Logging:
Log output configuration:
 #0: stdout all=warning uptime,level,tags foldmultilines=false
 #1: stderr all=off uptime,level,tags foldmultilines=false

Environment Variables:
PATH=C:/Users/LENOVO/.p2/pool/plugins/org.eclipse.justj.openjdk.hotspot.jre.full.win32.x86_64_21.0.7.v20250502-0916/jre/bin/server;C:/Users/LENOVO/.p2/pool/plugins/org.eclipse.justj.openjdk.hotspot.jre.full.win32.x86_64_21.0.7.v20250502-0916/jre/bin;C:\Program Files\Common Files\Oracle\Java\javapath;C:\WINDOWS\system32;C:\WINDOWS;C:\WINDOWS\System32\Wbem;C:\WINDOWS\System32\WindowsPowerShell\v1.0\;C:\WINDOWS\System32\OpenSSH\;C:\Program Files\Java\jdk-21\bin;C:\Users\LENOVO\.local\bin;C:\Users\LENOVO\AppData\Local\Programs\Python\Python312\Scripts\;C:\Users\LENOVO\AppData\Local\Programs\Python\Python312\;C:\Users\LENOVO\AppData\Local\Microsoft\WindowsApps;C:\Users\LENOVO\AppData\Local\GitHubDesktop\bin;C:\Users\LENOVO\AppData\Local\Programs\Microsoft VS Code\bin;C:\Users\LENOVO\eclipse\java-2025-06\eclipse;
USERNAME=LENOVO
OS=Windows_NT
PROCESSOR_IDENTIFIER=Intel64 Family 6 Model 186 Stepping 2, GenuineIntel
TMP=C:\Users\LENOVO\AppData\Local\Temp
TEMP=C:\Users\LENOVO\AppData\Local\Temp




Periodic native trim disabled

---------------  S Y S T E M  ---------------

OS:
 Windows 11 , 64 bit Build 26100 (10.0.26100.6725)
OS uptime: 7 days 4:16 hours
Hyper-V role detected

CPU: total 12 (initial active 12) (6 cores per cpu, 2 threads per core) family 6 model 186 stepping 2 microcode 0x5105, cx8, cmov, fxsr, ht, mmx, 3dnowpref, sse, sse2, sse3, ssse3, sse4.1, sse4.2, popcnt, lzcnt, tsc, tscinvbit, avx, avx2, aes, erms, clmul, bmi1, bmi2, adx, sha, fma, vzeroupper, clflush, clflushopt, clwb, hv, serialize, rdtscp, rdpid, fsrm, f16c, cet_ibt, cet_ss
Processor Information for the first 12 processors :
  Max Mhz: 2200, Current Mhz: 2200, Mhz Limit: 2200

Memory: 4k page, system-wide physical 15926M (2443M free)
TotalPageFile size 48694M (AvailPageFile size 3M)
current process WorkingSet (physical memory assigned to process): 136M, peak: 200M
current process commit charge ("private bytes"): 201M, peak: 395M

vm_info: OpenJDK 64-Bit Server VM (21.0.7+6-LTS) for windows-amd64 JRE (21.0.7+6-LTS), built on 2025-04-15T00:00:00Z by "admin" with MS VC++ 17.7 (VS2022)

END.
